0 info it worked if it ends with ok
1 verbose cli [ '/home/phi/Soft/node-v4.4.0-linux-x64/bin/node',
1 verbose cli   '/home/phi/Soft/node-v4.4.0-linux-x64/bin/npm',
1 verbose cli   'run',
1 verbose cli   'api' ]
2 info using npm@2.14.20
3 info using node@v4.4.0
4 verbose run-script [ 'preapi', 'api', 'postapi' ]
5 info preapi elm-tutorial-app@1.0.0
6 info api elm-tutorial-app@1.0.0
7 verbose unsafe-perm in lifecycle true
8 info elm-tutorial-app@1.0.0 Failed to exec api script
9 verbose stack Error: elm-tutorial-app@1.0.0 api: `node api.js`
9 verbose stack Exit status 1
9 verbose stack     at EventEmitter.<anonymous> (/home/phi/Soft/node-v4.4.0-linux-x64/lib/node_modules/npm/lib/utils/lifecycle.js:214:16)
9 verbose stack     at emitTwo (events.js:87:13)
9 verbose stack     at EventEmitter.emit (events.js:172:7)
9 verbose stack     at ChildProcess.<anonymous> (/home/phi/Soft/node-v4.4.0-linux-x64/lib/node_modules/npm/lib/utils/spawn.js:24:14)
9 verbose stack     at emitTwo (events.js:87:13)
9 verbose stack     at ChildProcess.emit (events.js:172:7)
9 verbose stack     at maybeClose (internal/child_process.js:827:16)
9 verbose stack     at Process.ChildProcess._handle.onexit (internal/child_process.js:211:5)
10 verbose pkgid elm-tutorial-app@1.0.0
11 verbose cwd /home/phi/Dev/Elm/mapSPA
12 error Linux 4.4.0-38-generic
13 error argv "/home/phi/Soft/node-v4.4.0-linux-x64/bin/node" "/home/phi/Soft/node-v4.4.0-linux-x64/bin/npm" "run" "api"
14 error node v4.4.0
15 error npm  v2.14.20
16 error code ELIFECYCLE
17 error elm-tutorial-app@1.0.0 api: `node api.js`
17 error Exit status 1
18 error Failed at the elm-tutorial-app@1.0.0 api script 'node api.js'.
18 error This is most likely a problem with the elm-tutorial-app package,
18 error not with npm itself.
18 error Tell the author that this fails on your system:
18 error     node api.js
18 error You can get information on how to open an issue for this project with:
18 error     npm bugs elm-tutorial-app
18 error Or if that isn't available, you can get their info via:
18 error
18 error     npm owner ls elm-tutorial-app
18 error There is likely additional logging output above.
19 verbose exit [ 1, true ]
